2023-08-01 16:25:43,245 [Worker-7: Loading available Gradle versions] INFO  o.e.b.c.i.u.g.PublishedGradleVersions - Gradle version information cache is out-of-date. Trying to update.
2023-08-01 16:52:03,185 [Worker-4: Loading available Gradle versions] INFO  o.e.b.c.i.u.g.PublishedGradleVersions - Gradle version information cache is up-to-date. Trying to read.
2023-08-02 04:38:42,418 [Worker-31: Building] INFO  o.a.m.s.f.DefaultMavenResourcesFiltering - skip non existing resourceDirectory C:\Users\sunda\eclipse\jee-2023-06\eclipse\SDETWorkshop\SeleniumMavenproject\src\main\resources
2023-08-02 04:38:42,464 [Worker-31: Building] INFO  o.a.m.s.f.DefaultMavenResourcesFiltering - skip non existing resourceDirectory C:\Users\sunda\eclipse\jee-2023-06\eclipse\SDETWorkshop\SeleniumMavenproject\src\test\resources
2023-08-02 04:40:26,692 [Worker-33: Building] INFO  o.a.m.s.f.DefaultMavenResourcesFiltering - skip non existing resourceDirectory C:\Users\sunda\eclipse\jee-2023-06\eclipse\SDETWorkshop\SeleniumMavenproject\src\main\resources
2023-08-02 04:40:26,717 [Worker-33: Building] INFO  o.a.m.s.f.DefaultMavenResourcesFiltering - skip non existing resourceDirectory C:\Users\sunda\eclipse\jee-2023-06\eclipse\SDETWorkshop\SeleniumMavenproject\src\test\resources
2023-08-02 04:44:01,839 [Worker-35: Building] INFO  o.a.m.s.f.DefaultMavenResourcesFiltering - skip non existing resourceDirectory C:\Users\sunda\eclipse\jee-2023-06\eclipse\SDETWorkshop\SeleniumMavenproject\src\main\resources
2023-08-02 04:44:01,842 [Worker-35: Building] INFO  o.a.m.s.f.DefaultMavenResourcesFiltering - skip non existing resourceDirectory C:\Users\sunda\eclipse\jee-2023-06\eclipse\SDETWorkshop\SeleniumMavenproject\src\test\resources
2023-08-02 04:48:41,115 [Worker-31: Launching firefoxTest] INFO  o.a.m.s.f.DefaultMavenResourcesFiltering - skip non existing resourceDirectory C:\Users\sunda\eclipse\jee-2023-06\eclipse\SDETWorkshop\SeleniumMavenproject\src\main\resources
2023-08-02 04:48:41,120 [Worker-31: Launching firefoxTest] INFO  o.a.m.s.f.DefaultMavenResourcesFiltering - skip non existing resourceDirectory C:\Users\sunda\eclipse\jee-2023-06\eclipse\SDETWorkshop\SeleniumMavenproject\src\test\resources
2023-08-02 04:51:15,376 [Worker-37: Building] INFO  o.a.m.s.f.DefaultMavenResourcesFiltering - skip non existing resourceDirectory C:\Users\sunda\eclipse\jee-2023-06\eclipse\SDETWorkshop\SeleniumMavenproject\src\main\resources
2023-08-02 04:51:15,378 [Worker-37: Building] INFO  o.a.m.s.f.DefaultMavenResourcesFiltering - skip non existing resourceDirectory C:\Users\sunda\eclipse\jee-2023-06\eclipse\SDETWorkshop\SeleniumMavenproject\src\test\resources
2023-08-02 04:52:34,577 [Worker-36: Building] INFO  o.a.m.s.f.DefaultMavenResourcesFiltering - skip non existing resourceDirectory C:\Users\sunda\eclipse\jee-2023-06\eclipse\SDETWorkshop\SeleniumMavenproject\src\main\resources
2023-08-02 04:52:34,578 [Worker-36: Building] INFO  o.a.m.s.f.DefaultMavenResourcesFiltering - skip non existing resourceDirectory C:\Users\sunda\eclipse\jee-2023-06\eclipse\SDETWorkshop\SeleniumMavenproject\src\test\resources
2023-08-02 17:00:02,216 [Worker-71: Launching firefoxTest] INFO  o.a.m.s.f.DefaultMavenResourcesFiltering - skip non existing resourceDirectory C:\Users\sunda\eclipse\jee-2023-06\eclipse\SDETWorkshop\SeleniumMavenproject\src\main\resources
2023-08-02 17:00:02,535 [Worker-71: Launching firefoxTest] INFO  o.a.m.s.f.DefaultMavenResourcesFiltering - skip non existing resourceDirectory C:\Users\sunda\eclipse\jee-2023-06\eclipse\SDETWorkshop\SeleniumMavenproject\src\test\resources
2023-08-02 17:39:36,122 [Worker-87: Launching firefoxTest] INFO  o.a.m.s.f.DefaultMavenResourcesFiltering - skip non existing resourceDirectory C:\Users\sunda\eclipse\jee-2023-06\eclipse\SDETWorkshop\SeleniumMavenproject\src\main\resources
2023-08-02 17:39:36,126 [Worker-87: Launching firefoxTest] INFO  o.a.m.s.f.DefaultMavenResourcesFiltering - skip non existing resourceDirectory C:\Users\sunda\eclipse\jee-2023-06\eclipse\SDETWorkshop\SeleniumMavenproject\src\test\resources
2023-08-02 17:40:39,353 [Worker-87: Launching firefoxTest] INFO  o.a.m.s.f.DefaultMavenResourcesFiltering - skip non existing resourceDirectory C:\Users\sunda\eclipse\jee-2023-06\eclipse\SDETWorkshop\SeleniumMavenproject\src\main\resources
2023-08-02 17:40:39,356 [Worker-87: Launching firefoxTest] INFO  o.a.m.s.f.DefaultMavenResourcesFiltering - skip non existing resourceDirectory C:\Users\sunda\eclipse\jee-2023-06\eclipse\SDETWorkshop\SeleniumMavenproject\src\test\resources
2023-08-02 17:40:50,091 [Worker-86: Launching firefoxTest] INFO  o.a.m.s.f.DefaultMavenResourcesFiltering - skip non existing resourceDirectory C:\Users\sunda\eclipse\jee-2023-06\eclipse\SDETWorkshop\SeleniumMavenproject\src\main\resources
2023-08-02 17:40:50,095 [Worker-86: Launching firefoxTest] INFO  o.a.m.s.f.DefaultMavenResourcesFiltering - skip non existing resourceDirectory C:\Users\sunda\eclipse\jee-2023-06\eclipse\SDETWorkshop\SeleniumMavenproject\src\test\resources
2023-08-02 17:40:56,850 [Worker-87: Launching firefoxTest] INFO  o.a.m.s.f.DefaultMavenResourcesFiltering - skip non existing resourceDirectory C:\Users\sunda\eclipse\jee-2023-06\eclipse\SDETWorkshop\SeleniumMavenproject\src\main\resources
2023-08-02 17:40:56,859 [Worker-87: Launching firefoxTest] INFO  o.a.m.s.f.DefaultMavenResourcesFiltering - skip non existing resourceDirectory C:\Users\sunda\eclipse\jee-2023-06\eclipse\SDETWorkshop\SeleniumMavenproject\src\test\resources
2023-08-02 17:41:16,776 [Worker-85: Launching firefoxTest] INFO  o.a.m.s.f.DefaultMavenResourcesFiltering - skip non existing resourceDirectory C:\Users\sunda\eclipse\jee-2023-06\eclipse\SDETWorkshop\SeleniumMavenproject\src\main\resources
2023-08-02 17:41:16,780 [Worker-85: Launching firefoxTest] INFO  o.a.m.s.f.DefaultMavenResourcesFiltering - skip non existing resourceDirectory C:\Users\sunda\eclipse\jee-2023-06\eclipse\SDETWorkshop\SeleniumMavenproject\src\test\resources
2023-08-02 17:42:20,364 [Worker-89: Launching firefoxTest] INFO  o.a.m.s.f.DefaultMavenResourcesFiltering - skip non existing resourceDirectory C:\Users\sunda\eclipse\jee-2023-06\eclipse\SDETWorkshop\SeleniumMavenproject\src\main\resources
2023-08-02 17:42:20,366 [Worker-89: Launching firefoxTest] INFO  o.a.m.s.f.DefaultMavenResourcesFiltering - skip non existing resourceDirectory C:\Users\sunda\eclipse\jee-2023-06\eclipse\SDETWorkshop\SeleniumMavenproject\src\test\resources
2023-08-03 06:32:48,176 [Worker-96: Launching firefoxTest] INFO  o.a.m.s.f.DefaultMavenResourcesFiltering - skip non existing resourceDirectory C:\Users\sunda\eclipse\jee-2023-06\eclipse\SDETWorkshop\SeleniumMavenproject\src\main\resources
2023-08-03 06:32:48,178 [Worker-96: Launching firefoxTest] INFO  o.a.m.s.f.DefaultMavenResourcesFiltering - skip non existing resourceDirectory C:\Users\sunda\eclipse\jee-2023-06\eclipse\SDETWorkshop\SeleniumMavenproject\src\test\resources
2023-08-03 06:33:28,079 [Worker-95: Launching firefoxTest] INFO  o.a.m.s.f.DefaultMavenResourcesFiltering - skip non existing resourceDirectory C:\Users\sunda\eclipse\jee-2023-06\eclipse\SDETWorkshop\SeleniumMavenproject\src\main\resources
2023-08-03 06:33:28,093 [Worker-95: Launching firefoxTest] INFO  o.a.m.s.f.DefaultMavenResourcesFiltering - skip non existing resourceDirectory C:\Users\sunda\eclipse\jee-2023-06\eclipse\SDETWorkshop\SeleniumMavenproject\src\test\resources
2023-08-03 06:37:51,172 [Worker-92: Building] INFO  o.a.m.s.f.DefaultMavenResourcesFiltering - skip non existing resourceDirectory C:\Users\sunda\eclipse\jee-2023-06\eclipse\SDETWorkshop\SeleniumMavenproject\src\main\resources
2023-08-03 06:37:51,175 [Worker-92: Building] INFO  o.a.m.s.f.DefaultMavenResourcesFiltering - skip non existing resourceDirectory C:\Users\sunda\eclipse\jee-2023-06\eclipse\SDETWorkshop\SeleniumMavenproject\src\test\resources
2023-08-03 06:40:47,831 [Worker-95: Building] INFO  o.a.m.s.f.DefaultMavenResourcesFiltering - skip non existing resourceDirectory C:\Users\sunda\eclipse\jee-2023-06\eclipse\SDETWorkshop\SeleniumMavenproject\src\main\resources
2023-08-03 06:40:47,833 [Worker-95: Building] INFO  o.a.m.s.f.DefaultMavenResourcesFiltering - skip non existing resourceDirectory C:\Users\sunda\eclipse\jee-2023-06\eclipse\SDETWorkshop\SeleniumMavenproject\src\test\resources
2023-08-03 06:42:01,782 [Worker-96: Launching firefoxTest] INFO  o.a.m.s.f.DefaultMavenResourcesFiltering - skip non existing resourceDirectory C:\Users\sunda\eclipse\jee-2023-06\eclipse\SDETWorkshop\SeleniumMavenproject\src\main\resources
2023-08-03 06:42:01,784 [Worker-96: Launching firefoxTest] INFO  o.a.m.s.f.DefaultMavenResourcesFiltering - skip non existing resourceDirectory C:\Users\sunda\eclipse\jee-2023-06\eclipse\SDETWorkshop\SeleniumMavenproject\src\test\resources
2023-08-03 06:46:24,774 [Worker-95: Launching firefoxTest] INFO  o.a.m.s.f.DefaultMavenResourcesFiltering - skip non existing resourceDirectory C:\Users\sunda\eclipse\jee-2023-06\eclipse\SDETWorkshop\SeleniumMavenproject\src\main\resources
2023-08-03 06:46:24,776 [Worker-95: Launching firefoxTest] INFO  o.a.m.s.f.DefaultMavenResourcesFiltering - skip non existing resourceDirectory C:\Users\sunda\eclipse\jee-2023-06\eclipse\SDETWorkshop\SeleniumMavenproject\src\test\resources
2023-08-04 11:54:06,592 [Worker-5: Loading available Gradle versions] INFO  o.e.b.c.i.u.g.PublishedGradleVersions - Gradle version information cache is out-of-date. Trying to update.
2023-08-04 11:58:47,339 [Worker-11: Launching guru99Scripts] INFO  o.a.m.s.f.DefaultMavenResourcesFiltering - skip non existing resourceDirectory C:\Users\sunda\eclipse\jee-2023-06\eclipse\SDETWorkshop\SeleniumMavenproject\src\main\resources
2023-08-04 11:58:47,356 [Worker-11: Launching guru99Scripts] INFO  o.a.m.s.f.DefaultMavenResourcesFiltering - skip non existing resourceDirectory C:\Users\sunda\eclipse\jee-2023-06\eclipse\SDETWorkshop\SeleniumMavenproject\src\test\resources
2023-08-04 12:03:08,660 [Worker-27: Building] INFO  o.a.m.s.f.DefaultMavenResourcesFiltering - skip non existing resourceDirectory C:\Users\sunda\eclipse\jee-2023-06\eclipse\SDETWorkshop\SeleniumMavenproject\src\main\resources
2023-08-04 12:03:08,667 [Worker-27: Building] INFO  o.a.m.s.f.DefaultMavenResourcesFiltering - skip non existing resourceDirectory C:\Users\sunda\eclipse\jee-2023-06\eclipse\SDETWorkshop\SeleniumMavenproject\src\test\resources
2023-08-04 13:00:57,779 [Worker-34: Building] INFO  o.a.m.s.f.DefaultMavenResourcesFiltering - skip non existing resourceDirectory C:\Users\sunda\eclipse\jee-2023-06\eclipse\SDETWorkshop\SeleniumMavenproject\src\main\resources
2023-08-04 13:00:57,782 [Worker-34: Building] INFO  o.a.m.s.f.DefaultMavenResourcesFiltering - skip non existing resourceDirectory C:\Users\sunda\eclipse\jee-2023-06\eclipse\SDETWorkshop\SeleniumMavenproject\src\test\resources
2023-08-04 13:07:14,102 [Worker-33: Launching guru99Scripts] INFO  o.a.m.s.f.DefaultMavenResourcesFiltering - skip non existing resourceDirectory C:\Users\sunda\eclipse\jee-2023-06\eclipse\SDETWorkshop\SeleniumMavenproject\src\main\resources
2023-08-04 13:07:14,104 [Worker-33: Launching guru99Scripts] INFO  o.a.m.s.f.DefaultMavenResourcesFiltering - skip non existing resourceDirectory C:\Users\sunda\eclipse\jee-2023-06\eclipse\SDETWorkshop\SeleniumMavenproject\src\test\resources
2023-08-04 13:08:15,592 [Worker-38: Launching guru99Scripts] INFO  o.a.m.s.f.DefaultMavenResourcesFiltering - skip non existing resourceDirectory C:\Users\sunda\eclipse\jee-2023-06\eclipse\SDETWorkshop\SeleniumMavenproject\src\main\resources
2023-08-04 13:08:15,594 [Worker-38: Launching guru99Scripts] INFO  o.a.m.s.f.DefaultMavenResourcesFiltering - skip non existing resourceDirectory C:\Users\sunda\eclipse\jee-2023-06\eclipse\SDETWorkshop\SeleniumMavenproject\src\test\resources
2023-08-04 13:08:51,803 [Worker-35: Launching guru99Scripts] INFO  o.a.m.s.f.DefaultMavenResourcesFiltering - skip non existing resourceDirectory C:\Users\sunda\eclipse\jee-2023-06\eclipse\SDETWorkshop\SeleniumMavenproject\src\main\resources
2023-08-04 13:08:51,805 [Worker-35: Launching guru99Scripts] INFO  o.a.m.s.f.DefaultMavenResourcesFiltering - skip non existing resourceDirectory C:\Users\sunda\eclipse\jee-2023-06\eclipse\SDETWorkshop\SeleniumMavenproject\src\test\resources
2023-08-04 13:09:14,138 [Worker-41: Building] INFO  o.a.m.s.f.DefaultMavenResourcesFiltering - skip non existing resourceDirectory C:\Users\sunda\eclipse\jee-2023-06\eclipse\SDETWorkshop\SeleniumMavenproject\src\main\resources
2023-08-04 13:09:14,141 [Worker-41: Building] INFO  o.a.m.s.f.DefaultMavenResourcesFiltering - skip non existing resourceDirectory C:\Users\sunda\eclipse\jee-2023-06\eclipse\SDETWorkshop\SeleniumMavenproject\src\test\resources
2023-08-04 13:09:45,827 [Worker-37: Building] INFO  o.a.m.s.f.DefaultMavenResourcesFiltering - skip non existing resourceDirectory C:\Users\sunda\eclipse\jee-2023-06\eclipse\SDETWorkshop\SeleniumMavenproject\src\main\resources
2023-08-04 13:09:45,830 [Worker-37: Building] INFO  o.a.m.s.f.DefaultMavenResourcesFiltering - skip non existing resourceDirectory C:\Users\sunda\eclipse\jee-2023-06\eclipse\SDETWorkshop\SeleniumMavenproject\src\test\resources
2023-08-04 21:17:34,657 [Worker-44: Launching guru99Scripts] INFO  o.a.m.s.f.DefaultMavenResourcesFiltering - skip non existing resourceDirectory C:\Users\sunda\eclipse\jee-2023-06\eclipse\SDETWorkshop\SeleniumMavenproject\src\main\resources
2023-08-04 21:17:34,902 [Worker-44: Launching guru99Scripts] INFO  o.a.m.s.f.DefaultMavenResourcesFiltering - skip non existing resourceDirectory C:\Users\sunda\eclipse\jee-2023-06\eclipse\SDETWorkshop\SeleniumMavenproject\src\test\resources
2023-08-04 21:21:12,254 [Worker-55: Building] INFO  o.a.m.s.f.DefaultMavenResourcesFiltering - skip non existing resourceDirectory C:\Users\sunda\eclipse\jee-2023-06\eclipse\SDETWorkshop\SeleniumMavenproject\src\main\resources
2023-08-04 21:21:12,278 [Worker-55: Building] INFO  o.a.m.s.f.DefaultMavenResourcesFiltering - skip non existing resourceDirectory C:\Users\sunda\eclipse\jee-2023-06\eclipse\SDETWorkshop\SeleniumMavenproject\src\test\resources
2023-08-04 21:27:45,046 [Worker-62: Building] INFO  o.a.m.s.f.DefaultMavenResourcesFiltering - skip non existing resourceDirectory C:\Users\sunda\eclipse\jee-2023-06\eclipse\SDETWorkshop\SeleniumMavenproject\src\main\resources
2023-08-04 21:27:45,048 [Worker-62: Building] INFO  o.a.m.s.f.DefaultMavenResourcesFiltering - skip non existing resourceDirectory C:\Users\sunda\eclipse\jee-2023-06\eclipse\SDETWorkshop\SeleniumMavenproject\src\test\resources
2023-08-04 21:30:30,422 [Worker-61: Building] INFO  o.a.m.s.f.DefaultMavenResourcesFiltering - skip non existing resourceDirectory C:\Users\sunda\eclipse\jee-2023-06\eclipse\SDETWorkshop\SeleniumMavenproject\src\main\resources
2023-08-04 21:30:30,424 [Worker-61: Building] INFO  o.a.m.s.f.DefaultMavenResourcesFiltering - skip non existing resourceDirectory C:\Users\sunda\eclipse\jee-2023-06\eclipse\SDETWorkshop\SeleniumMavenproject\src\test\resources
2023-08-04 21:32:47,512 [Worker-60: Building] INFO  o.a.m.s.f.DefaultMavenResourcesFiltering - skip non existing resourceDirectory C:\Users\sunda\eclipse\jee-2023-06\eclipse\SDETWorkshop\SeleniumMavenproject\src\main\resources
2023-08-04 21:32:47,514 [Worker-60: Building] INFO  o.a.m.s.f.DefaultMavenResourcesFiltering - skip non existing resourceDirectory C:\Users\sunda\eclipse\jee-2023-06\eclipse\SDETWorkshop\SeleniumMavenproject\src\test\resources
2023-08-04 21:33:53,091 [Worker-64: Launching guru99Scripts] INFO  o.a.m.s.f.DefaultMavenResourcesFiltering - skip non existing resourceDirectory C:\Users\sunda\eclipse\jee-2023-06\eclipse\SDETWorkshop\SeleniumMavenproject\src\main\resources
2023-08-04 21:33:53,093 [Worker-64: Launching guru99Scripts] INFO  o.a.m.s.f.DefaultMavenResourcesFiltering - skip non existing resourceDirectory C:\Users\sunda\eclipse\jee-2023-06\eclipse\SDETWorkshop\SeleniumMavenproject\src\test\resources
2023-08-04 21:36:40,399 [Worker-65: Building] INFO  o.a.m.s.f.DefaultMavenResourcesFiltering - skip non existing resourceDirectory C:\Users\sunda\eclipse\jee-2023-06\eclipse\SDETWorkshop\SeleniumMavenproject\src\main\resources
2023-08-04 21:36:40,402 [Worker-65: Building] INFO  o.a.m.s.f.DefaultMavenResourcesFiltering - skip non existing resourceDirectory C:\Users\sunda\eclipse\jee-2023-06\eclipse\SDETWorkshop\SeleniumMavenproject\src\test\resources
2023-08-04 21:37:23,580 [Worker-62: Building] INFO  o.a.m.s.f.DefaultMavenResourcesFiltering - skip non existing resourceDirectory C:\Users\sunda\eclipse\jee-2023-06\eclipse\SDETWorkshop\SeleniumMavenproject\src\main\resources
2023-08-04 21:37:23,583 [Worker-62: Building] INFO  o.a.m.s.f.DefaultMavenResourcesFiltering - skip non existing resourceDirectory C:\Users\sunda\eclipse\jee-2023-06\eclipse\SDETWorkshop\SeleniumMavenproject\src\test\resources
2023-08-04 21:38:24,625 [Worker-62: Building] INFO  o.a.m.s.f.DefaultMavenResourcesFiltering - skip non existing resourceDirectory C:\Users\sunda\eclipse\jee-2023-06\eclipse\SDETWorkshop\SeleniumMavenproject\src\main\resources
2023-08-04 21:38:24,627 [Worker-62: Building] INFO  o.a.m.s.f.DefaultMavenResourcesFiltering - skip non existing resourceDirectory C:\Users\sunda\eclipse\jee-2023-06\eclipse\SDETWorkshop\SeleniumMavenproject\src\test\resources
2023-08-04 21:46:52,172 [Worker-62: Launching guru99Scripts] INFO  o.a.m.s.f.DefaultMavenResourcesFiltering - skip non existing resourceDirectory C:\Users\sunda\eclipse\jee-2023-06\eclipse\SDETWorkshop\SeleniumMavenproject\src\main\resources
2023-08-04 21:46:52,174 [Worker-62: Launching guru99Scripts] INFO  o.a.m.s.f.DefaultMavenResourcesFiltering - skip non existing resourceDirectory C:\Users\sunda\eclipse\jee-2023-06\eclipse\SDETWorkshop\SeleniumMavenproject\src\test\resources
2023-08-04 21:49:48,770 [Worker-73: Building] INFO  o.a.m.s.f.DefaultMavenResourcesFiltering - skip non existing resourceDirectory C:\Users\sunda\eclipse\jee-2023-06\eclipse\SDETWorkshop\SeleniumMavenproject\src\main\resources
2023-08-04 21:49:48,773 [Worker-73: Building] INFO  o.a.m.s.f.DefaultMavenResourcesFiltering - skip non existing resourceDirectory C:\Users\sunda\eclipse\jee-2023-06\eclipse\SDETWorkshop\SeleniumMavenproject\src\test\resources
2023-08-04 21:52:15,342 [Worker-72: Building] INFO  o.a.m.s.f.DefaultMavenResourcesFiltering - skip non existing resourceDirectory C:\Users\sunda\eclipse\jee-2023-06\eclipse\SDETWorkshop\SeleniumMavenproject\src\main\resources
2023-08-04 21:52:15,343 [Worker-72: Building] INFO  o.a.m.s.f.DefaultMavenResourcesFiltering - skip non existing resourceDirectory C:\Users\sunda\eclipse\jee-2023-06\eclipse\SDETWorkshop\SeleniumMavenproject\src\test\resources
2023-08-04 21:58:53,024 [Worker-74: Launching guru99Scripts] INFO  o.a.m.s.f.DefaultMavenResourcesFiltering - skip non existing resourceDirectory C:\Users\sunda\eclipse\jee-2023-06\eclipse\SDETWorkshop\SeleniumMavenproject\src\main\resources
2023-08-04 21:58:53,027 [Worker-74: Launching guru99Scripts] INFO  o.a.m.s.f.DefaultMavenResourcesFiltering - skip non existing resourceDirectory C:\Users\sunda\eclipse\jee-2023-06\eclipse\SDETWorkshop\SeleniumMavenproject\src\test\resources
2023-08-04 21:59:18,918 [Worker-74: Building] INFO  o.a.m.s.f.DefaultMavenResourcesFiltering - skip non existing resourceDirectory C:\Users\sunda\eclipse\jee-2023-06\eclipse\SDETWorkshop\SeleniumMavenproject\src\main\resources
2023-08-04 21:59:18,921 [Worker-74: Building] INFO  o.a.m.s.f.DefaultMavenResourcesFiltering - skip non existing resourceDirectory C:\Users\sunda\eclipse\jee-2023-06\eclipse\SDETWorkshop\SeleniumMavenproject\src\test\resources
2023-08-04 22:03:47,294 [Worker-76: Building] INFO  o.a.m.s.f.DefaultMavenResourcesFiltering - skip non existing resourceDirectory C:\Users\sunda\eclipse\jee-2023-06\eclipse\SDETWorkshop\SeleniumMavenproject\src\main\resources
2023-08-04 22:03:47,296 [Worker-76: Building] INFO  o.a.m.s.f.DefaultMavenResourcesFiltering - skip non existing resourceDirectory C:\Users\sunda\eclipse\jee-2023-06\eclipse\SDETWorkshop\SeleniumMavenproject\src\test\resources
2023-08-04 22:07:29,134 [Worker-77: Building] INFO  o.a.m.s.f.DefaultMavenResourcesFiltering - skip non existing resourceDirectory C:\Users\sunda\eclipse\jee-2023-06\eclipse\SDETWorkshop\SeleniumMavenproject\src\main\resources
2023-08-04 22:07:29,136 [Worker-77: Building] INFO  o.a.m.s.f.DefaultMavenResourcesFiltering - skip non existing resourceDirectory C:\Users\sunda\eclipse\jee-2023-06\eclipse\SDETWorkshop\SeleniumMavenproject\src\test\resources
2023-08-04 22:08:27,258 [Worker-76: Building] INFO  o.a.m.s.f.DefaultMavenResourcesFiltering - skip non existing resourceDirectory C:\Users\sunda\eclipse\jee-2023-06\eclipse\SDETWorkshop\SeleniumMavenproject\src\main\resources
2023-08-04 22:08:27,270 [Worker-76: Building] INFO  o.a.m.s.f.DefaultMavenResourcesFiltering - skip non existing resourceDirectory C:\Users\sunda\eclipse\jee-2023-06\eclipse\SDETWorkshop\SeleniumMavenproject\src\test\resources
2023-08-05 06:38:47,642 [Worker-84: Building] INFO  o.a.m.s.f.DefaultMavenResourcesFiltering - skip non existing resourceDirectory C:\Users\sunda\eclipse\jee-2023-06\eclipse\SDETWorkshop\SeleniumMavenproject\src\main\resources
2023-08-05 06:38:47,647 [Worker-84: Building] INFO  o.a.m.s.f.DefaultMavenResourcesFiltering - skip non existing resourceDirectory C:\Users\sunda\eclipse\jee-2023-06\eclipse\SDETWorkshop\SeleniumMavenproject\src\test\resources
2023-08-05 06:48:15,568 [Worker-87: Building] INFO  o.a.m.s.f.DefaultMavenResourcesFiltering - skip non existing resourceDirectory C:\Users\sunda\eclipse\jee-2023-06\eclipse\SDETWorkshop\SeleniumMavenproject\src\main\resources
2023-08-05 06:48:15,570 [Worker-87: Building] INFO  o.a.m.s.f.DefaultMavenResourcesFiltering - skip non existing resourceDirectory C:\Users\sunda\eclipse\jee-2023-06\eclipse\SDETWorkshop\SeleniumMavenproject\src\test\resources
2023-08-05 06:53:52,324 [Worker-89: Building] INFO  o.a.m.s.f.DefaultMavenResourcesFiltering - skip non existing resourceDirectory C:\Users\sunda\eclipse\jee-2023-06\eclipse\SDETWorkshop\SeleniumMavenproject\src\main\resources
2023-08-05 06:53:52,326 [Worker-89: Building] INFO  o.a.m.s.f.DefaultMavenResourcesFiltering - skip non existing resourceDirectory C:\Users\sunda\eclipse\jee-2023-06\eclipse\SDETWorkshop\SeleniumMavenproject\src\test\resources
2023-08-05 06:58:16,110 [Worker-92: Building] INFO  o.a.m.s.f.DefaultMavenResourcesFiltering - skip non existing resourceDirectory C:\Users\sunda\eclipse\jee-2023-06\eclipse\SDETWorkshop\SeleniumMavenproject\src\main\resources
2023-08-05 06:58:16,114 [Worker-92: Building] INFO  o.a.m.s.f.DefaultMavenResourcesFiltering - skip non existing resourceDirectory C:\Users\sunda\eclipse\jee-2023-06\eclipse\SDETWorkshop\SeleniumMavenproject\src\test\resources
2023-08-05 11:21:17,822 [Worker-119: Building] INFO  o.a.m.s.f.DefaultMavenResourcesFiltering - skip non existing resourceDirectory C:\Users\sunda\eclipse\jee-2023-06\eclipse\SDETWorkshop\SeleniumMavenproject\src\main\resources
2023-08-05 11:21:17,839 [Worker-119: Building] INFO  o.a.m.s.f.DefaultMavenResourcesFiltering - skip non existing resourceDirectory C:\Users\sunda\eclipse\jee-2023-06\eclipse\SDETWorkshop\SeleniumMavenproject\src\test\resources
2023-08-05 11:22:05,878 [Worker-122: Building] INFO  o.a.m.s.f.DefaultMavenResourcesFiltering - skip non existing resourceDirectory C:\Users\sunda\eclipse\jee-2023-06\eclipse\SDETWorkshop\SeleniumMavenproject\src\main\resources
2023-08-05 11:22:05,886 [Worker-122: Building] INFO  o.a.m.s.f.DefaultMavenResourcesFiltering - skip non existing resourceDirectory C:\Users\sunda\eclipse\jee-2023-06\eclipse\SDETWorkshop\SeleniumMavenproject\src\test\resources
2023-08-05 11:22:23,499 [Worker-122: Building] INFO  o.a.m.s.f.DefaultMavenResourcesFiltering - skip non existing resourceDirectory C:\Users\sunda\eclipse\jee-2023-06\eclipse\SDETWorkshop\SeleniumMavenproject\src\main\resources
2023-08-05 11:22:23,502 [Worker-122: Building] INFO  o.a.m.s.f.DefaultMavenResourcesFiltering - skip non existing resourceDirectory C:\Users\sunda\eclipse\jee-2023-06\eclipse\SDETWorkshop\SeleniumMavenproject\src\test\resources
2023-08-05 11:22:35,572 [Worker-119: Building] INFO  o.a.m.s.f.DefaultMavenResourcesFiltering - skip non existing resourceDirectory C:\Users\sunda\eclipse\jee-2023-06\eclipse\SDETWorkshop\SeleniumMavenproject\src\main\resources
2023-08-05 11:22:35,574 [Worker-119: Building] INFO  o.a.m.s.f.DefaultMavenResourcesFiltering - skip non existing resourceDirectory C:\Users\sunda\eclipse\jee-2023-06\eclipse\SDETWorkshop\SeleniumMavenproject\src\test\resources
2023-08-05 11:24:05,888 [Worker-124: Building] INFO  o.a.m.s.f.DefaultMavenResourcesFiltering - skip non existing resourceDirectory C:\Users\sunda\eclipse\jee-2023-06\eclipse\SDETWorkshop\SeleniumMavenproject\src\main\resources
2023-08-05 11:24:05,891 [Worker-124: Building] INFO  o.a.m.s.f.DefaultMavenResourcesFiltering - skip non existing resourceDirectory C:\Users\sunda\eclipse\jee-2023-06\eclipse\SDETWorkshop\SeleniumMavenproject\src\test\resources
2023-08-05 11:24:15,800 [Worker-123: Building] INFO  o.a.m.s.f.DefaultMavenResourcesFiltering - skip non existing resourceDirectory C:\Users\sunda\eclipse\jee-2023-06\eclipse\SDETWorkshop\SeleniumMavenproject\src\main\resources
2023-08-05 11:24:15,802 [Worker-123: Building] INFO  o.a.m.s.f.DefaultMavenResourcesFiltering - skip non existing resourceDirectory C:\Users\sunda\eclipse\jee-2023-06\eclipse\SDETWorkshop\SeleniumMavenproject\src\test\resources
2023-08-05 11:25:23,924 [Worker-122: Building] INFO  o.a.m.s.f.DefaultMavenResourcesFiltering - skip non existing resourceDirectory C:\Users\sunda\eclipse\jee-2023-06\eclipse\SDETWorkshop\SeleniumMavenproject\src\main\resources
2023-08-05 11:25:23,927 [Worker-122: Building] INFO  o.a.m.s.f.DefaultMavenResourcesFiltering - skip non existing resourceDirectory C:\Users\sunda\eclipse\jee-2023-06\eclipse\SDETWorkshop\SeleniumMavenproject\src\test\resources
2023-08-05 11:31:29,815 [Worker-125: Building] INFO  o.a.m.s.f.DefaultMavenResourcesFiltering - skip non existing resourceDirectory C:\Users\sunda\eclipse\jee-2023-06\eclipse\SDETWorkshop\SeleniumMavenproject\src\main\resources
2023-08-05 11:31:29,817 [Worker-125: Building] INFO  o.a.m.s.f.DefaultMavenResourcesFiltering - skip non existing resourceDirectory C:\Users\sunda\eclipse\jee-2023-06\eclipse\SDETWorkshop\SeleniumMavenproject\src\test\resources
2023-08-05 11:49:13,656 [Worker-127: Launching CommerceSiteScripts] INFO  o.a.m.s.f.DefaultMavenResourcesFiltering - skip non existing resourceDirectory C:\Users\sunda\eclipse\jee-2023-06\eclipse\SDETWorkshop\SeleniumMavenproject\src\main\resources
2023-08-05 11:49:13,659 [Worker-127: Launching CommerceSiteScripts] INFO  o.a.m.s.f.DefaultMavenResourcesFiltering - skip non existing resourceDirectory C:\Users\sunda\eclipse\jee-2023-06\eclipse\SDETWorkshop\SeleniumMavenproject\src\test\resources
2023-08-05 12:04:15,949 [Worker-132: Launching CommerceSiteScripts] INFO  o.a.m.s.f.DefaultMavenResourcesFiltering - skip non existing resourceDirectory C:\Users\sunda\eclipse\jee-2023-06\eclipse\SDETWorkshop\SeleniumMavenproject\src\main\resources
2023-08-05 12:04:15,952 [Worker-132: Launching CommerceSiteScripts] INFO  o.a.m.s.f.DefaultMavenResourcesFiltering - skip non existing resourceDirectory C:\Users\sunda\eclipse\jee-2023-06\eclipse\SDETWorkshop\SeleniumMavenproject\src\test\resources
2023-08-05 12:10:24,983 [Worker-139: Building] INFO  o.a.m.s.f.DefaultMavenResourcesFiltering - skip non existing resourceDirectory C:\Users\sunda\eclipse\jee-2023-06\eclipse\SDETWorkshop\SeleniumMavenproject\src\main\resources
2023-08-05 12:10:24,985 [Worker-139: Building] INFO  o.a.m.s.f.DefaultMavenResourcesFiltering - skip non existing resourceDirectory C:\Users\sunda\eclipse\jee-2023-06\eclipse\SDETWorkshop\SeleniumMavenproject\src\test\resources
2023-08-05 12:11:42,915 [Worker-140: Launching CommerceSiteScripts] INFO  o.a.m.s.f.DefaultMavenResourcesFiltering - skip non existing resourceDirectory C:\Users\sunda\eclipse\jee-2023-06\eclipse\SDETWorkshop\SeleniumMavenproject\src\main\resources
2023-08-05 12:11:42,916 [Worker-140: Launching CommerceSiteScripts] INFO  o.a.m.s.f.DefaultMavenResourcesFiltering - skip non existing resourceDirectory C:\Users\sunda\eclipse\jee-2023-06\eclipse\SDETWorkshop\SeleniumMavenproject\src\test\resources
2023-08-05 12:13:39,558 [Worker-143: Building] INFO  o.a.m.s.f.DefaultMavenResourcesFiltering - skip non existing resourceDirectory C:\Users\sunda\eclipse\jee-2023-06\eclipse\SDETWorkshop\SeleniumMavenproject\src\main\resources
2023-08-05 12:13:39,560 [Worker-143: Building] INFO  o.a.m.s.f.DefaultMavenResourcesFiltering - skip non existing resourceDirectory C:\Users\sunda\eclipse\jee-2023-06\eclipse\SDETWorkshop\SeleniumMavenproject\src\test\resources
2023-08-05 12:13:52,645 [Worker-141: Launching CommerceSiteScripts] INFO  o.a.m.s.f.DefaultMavenResourcesFiltering - skip non existing resourceDirectory C:\Users\sunda\eclipse\jee-2023-06\eclipse\SDETWorkshop\SeleniumMavenproject\src\main\resources
2023-08-05 12:13:52,647 [Worker-141: Launching CommerceSiteScripts] INFO  o.a.m.s.f.DefaultMavenResourcesFiltering - skip non existing resourceDirectory C:\Users\sunda\eclipse\jee-2023-06\eclipse\SDETWorkshop\SeleniumMavenproject\src\test\resources
2023-08-05 12:42:47,989 [Worker-143: Launching CommerceSiteScripts] INFO  o.a.m.s.f.DefaultMavenResourcesFiltering - skip non existing resourceDirectory C:\Users\sunda\eclipse\jee-2023-06\eclipse\SDETWorkshop\SeleniumMavenproject\src\main\resources
2023-08-05 12:42:48,014 [Worker-143: Launching CommerceSiteScripts] INFO  o.a.m.s.f.DefaultMavenResourcesFiltering - skip non existing resourceDirectory C:\Users\sunda\eclipse\jee-2023-06\eclipse\SDETWorkshop\SeleniumMavenproject\src\test\resources
2023-08-05 13:02:50,424 [Worker-156: Building] INFO  o.a.m.s.f.DefaultMavenResourcesFiltering - skip non existing resourceDirectory C:\Users\sunda\eclipse\jee-2023-06\eclipse\SDETWorkshop\SeleniumMavenproject\src\main\resources
2023-08-05 13:02:50,426 [Worker-156: Building] INFO  o.a.m.s.f.DefaultMavenResourcesFiltering - skip non existing resourceDirectory C:\Users\sunda\eclipse\jee-2023-06\eclipse\SDETWorkshop\SeleniumMavenproject\src\test\resources
2023-08-05 18:35:12,008 [Worker-178: Launching CommerceSiteScripts] INFO  o.a.m.s.f.DefaultMavenResourcesFiltering - skip non existing resourceDirectory C:\Users\sunda\eclipse\jee-2023-06\eclipse\SDETWorkshop\SeleniumMavenproject\src\main\resources
2023-08-05 18:35:12,011 [Worker-178: Launching CommerceSiteScripts] INFO  o.a.m.s.f.DefaultMavenResourcesFiltering - skip non existing resourceDirectory C:\Users\sunda\eclipse\jee-2023-06\eclipse\SDETWorkshop\SeleniumMavenproject\src\test\resources
2023-08-06 05:17:57,769 [Worker-201: Launching CommerceSiteScripts] INFO  o.a.m.s.f.DefaultMavenResourcesFiltering - skip non existing resourceDirectory C:\Users\sunda\eclipse\jee-2023-06\eclipse\SDETWorkshop\SeleniumMavenproject\src\main\resources
2023-08-06 05:17:57,801 [Worker-201: Launching CommerceSiteScripts] INFO  o.a.m.s.f.DefaultMavenResourcesFiltering - skip non existing resourceDirectory C:\Users\sunda\eclipse\jee-2023-06\eclipse\SDETWorkshop\SeleniumMavenproject\src\test\resources
2023-08-06 05:19:05,742 [Worker-197: Launching CommerceSiteScripts] INFO  o.a.m.s.f.DefaultMavenResourcesFiltering - skip non existing resourceDirectory C:\Users\sunda\eclipse\jee-2023-06\eclipse\SDETWorkshop\SeleniumMavenproject\src\main\resources
2023-08-06 05:19:05,782 [Worker-197: Launching CommerceSiteScripts] INFO  o.a.m.s.f.DefaultMavenResourcesFiltering - skip non existing resourceDirectory C:\Users\sunda\eclipse\jee-2023-06\eclipse\SDETWorkshop\SeleniumMavenproject\src\test\resources
2023-08-06 05:30:17,064 [Worker-206: Launching CommerceSiteScripts] INFO  o.a.m.s.f.DefaultMavenResourcesFiltering - skip non existing resourceDirectory C:\Users\sunda\eclipse\jee-2023-06\eclipse\SDETWorkshop\SeleniumMavenproject\src\main\resources
2023-08-06 05:30:17,066 [Worker-206: Launching CommerceSiteScripts] INFO  o.a.m.s.f.DefaultMavenResourcesFiltering - skip non existing resourceDirectory C:\Users\sunda\eclipse\jee-2023-06\eclipse\SDETWorkshop\SeleniumMavenproject\src\test\resources
2023-08-06 05:31:16,879 [Worker-209: Launching CommerceSiteScripts] INFO  o.a.m.s.f.DefaultMavenResourcesFiltering - skip non existing resourceDirectory C:\Users\sunda\eclipse\jee-2023-06\eclipse\SDETWorkshop\SeleniumMavenproject\src\main\resources
2023-08-06 05:31:16,882 [Worker-209: Launching CommerceSiteScripts] INFO  o.a.m.s.f.DefaultMavenResourcesFiltering - skip non existing resourceDirectory C:\Users\sunda\eclipse\jee-2023-06\eclipse\SDETWorkshop\SeleniumMavenproject\src\test\resources
2023-08-06 05:33:00,259 [Worker-210: Launching CommerceSiteScripts] INFO  o.a.m.s.f.DefaultMavenResourcesFiltering - skip non existing resourceDirectory C:\Users\sunda\eclipse\jee-2023-06\eclipse\SDETWorkshop\SeleniumMavenproject\src\main\resources
2023-08-06 05:33:00,262 [Worker-210: Launching CommerceSiteScripts] INFO  o.a.m.s.f.DefaultMavenResourcesFiltering - skip non existing resourceDirectory C:\Users\sunda\eclipse\jee-2023-06\eclipse\SDETWorkshop\SeleniumMavenproject\src\test\resources
2023-08-06 05:38:09,479 [Worker-211: Launching CommerceSiteScripts] INFO  o.a.m.s.f.DefaultMavenResourcesFiltering - skip non existing resourceDirectory C:\Users\sunda\eclipse\jee-2023-06\eclipse\SDETWorkshop\SeleniumMavenproject\src\main\resources
2023-08-06 05:38:09,484 [Worker-211: Launching CommerceSiteScripts] INFO  o.a.m.s.f.DefaultMavenResourcesFiltering - skip non existing resourceDirectory C:\Users\sunda\eclipse\jee-2023-06\eclipse\SDETWorkshop\SeleniumMavenproject\src\test\resources
2023-08-06 05:43:17,389 [Worker-218: Launching CommerceSiteScripts] INFO  o.a.m.s.f.DefaultMavenResourcesFiltering - skip non existing resourceDirectory C:\Users\sunda\eclipse\jee-2023-06\eclipse\SDETWorkshop\SeleniumMavenproject\src\main\resources
2023-08-06 05:43:17,394 [Worker-218: Launching CommerceSiteScripts] INFO  o.a.m.s.f.DefaultMavenResourcesFiltering - skip non existing resourceDirectory C:\Users\sunda\eclipse\jee-2023-06\eclipse\SDETWorkshop\SeleniumMavenproject\src\test\resources
2023-08-06 05:49:29,123 [Worker-223: Launching CommerceSiteScripts] INFO  o.a.m.s.f.DefaultMavenResourcesFiltering - skip non existing resourceDirectory C:\Users\sunda\eclipse\jee-2023-06\eclipse\SDETWorkshop\SeleniumMavenproject\src\main\resources
2023-08-06 05:49:29,124 [Worker-223: Launching CommerceSiteScripts] INFO  o.a.m.s.f.DefaultMavenResourcesFiltering - skip non existing resourceDirectory C:\Users\sunda\eclipse\jee-2023-06\eclipse\SDETWorkshop\SeleniumMavenproject\src\test\resources
2023-08-06 06:17:52,572 [Worker-228: Launching CommerceSiteScripts] INFO  o.a.m.s.f.DefaultMavenResourcesFiltering - skip non existing resourceDirectory C:\Users\sunda\eclipse\jee-2023-06\eclipse\SDETWorkshop\SeleniumMavenproject\src\main\resources
2023-08-06 06:17:52,574 [Worker-228: Launching CommerceSiteScripts] INFO  o.a.m.s.f.DefaultMavenResourcesFiltering - skip non existing resourceDirectory C:\Users\sunda\eclipse\jee-2023-06\eclipse\SDETWorkshop\SeleniumMavenproject\src\test\resources
2023-08-06 06:24:18,344 [Worker-228: Launching CommerceSiteScripts] INFO  o.a.m.s.f.DefaultMavenResourcesFiltering - skip non existing resourceDirectory C:\Users\sunda\eclipse\jee-2023-06\eclipse\SDETWorkshop\SeleniumMavenproject\src\main\resources
2023-08-06 06:24:18,346 [Worker-228: Launching CommerceSiteScripts] INFO  o.a.m.s.f.DefaultMavenResourcesFiltering - skip non existing resourceDirectory C:\Users\sunda\eclipse\jee-2023-06\eclipse\SDETWorkshop\SeleniumMavenproject\src\test\resources
2023-08-06 06:30:26,605 [Worker-237: Building] INFO  o.a.m.s.f.DefaultMavenResourcesFiltering - skip non existing resourceDirectory C:\Users\sunda\eclipse\jee-2023-06\eclipse\SDETWorkshop\SeleniumMavenproject\src\main\resources
2023-08-06 06:30:26,607 [Worker-237: Building] INFO  o.a.m.s.f.DefaultMavenResourcesFiltering - skip non existing resourceDirectory C:\Users\sunda\eclipse\jee-2023-06\eclipse\SDETWorkshop\SeleniumMavenproject\src\test\resources
2023-08-06 06:34:31,554 [Worker-241: Launching CommerceSiteScripts] INFO  o.a.m.s.f.DefaultMavenResourcesFiltering - skip non existing resourceDirectory C:\Users\sunda\eclipse\jee-2023-06\eclipse\SDETWorkshop\SeleniumMavenproject\src\main\resources
2023-08-06 06:34:31,556 [Worker-241: Launching CommerceSiteScripts] INFO  o.a.m.s.f.DefaultMavenResourcesFiltering - skip non existing resourceDirectory C:\Users\sunda\eclipse\jee-2023-06\eclipse\SDETWorkshop\SeleniumMavenproject\src\test\resources
2023-08-06 06:37:36,819 [Worker-246: Launching CommerceSiteScripts] INFO  o.a.m.s.f.DefaultMavenResourcesFiltering - skip non existing resourceDirectory C:\Users\sunda\eclipse\jee-2023-06\eclipse\SDETWorkshop\SeleniumMavenproject\src\main\resources
2023-08-06 06:37:36,820 [Worker-246: Launching CommerceSiteScripts] INFO  o.a.m.s.f.DefaultMavenResourcesFiltering - skip non existing resourceDirectory C:\Users\sunda\eclipse\jee-2023-06\eclipse\SDETWorkshop\SeleniumMavenproject\src\test\resources
2023-08-06 06:43:29,282 [Worker-247: Launching CommerceSiteScripts] INFO  o.a.m.s.f.DefaultMavenResourcesFiltering - skip non existing resourceDirectory C:\Users\sunda\eclipse\jee-2023-06\eclipse\SDETWorkshop\SeleniumMavenproject\src\main\resources
2023-08-06 06:43:29,283 [Worker-247: Launching CommerceSiteScripts] INFO  o.a.m.s.f.DefaultMavenResourcesFiltering - skip non existing resourceDirectory C:\Users\sunda\eclipse\jee-2023-06\eclipse\SDETWorkshop\SeleniumMavenproject\src\test\resources
2023-08-06 06:47:03,266 [Worker-255: Building] INFO  o.a.m.s.f.DefaultMavenResourcesFiltering - skip non existing resourceDirectory C:\Users\sunda\eclipse\jee-2023-06\eclipse\SDETWorkshop\SeleniumMavenproject\src\main\resources
2023-08-06 06:47:03,267 [Worker-255: Building] INFO  o.a.m.s.f.DefaultMavenResourcesFiltering - skip non existing resourceDirectory C:\Users\sunda\eclipse\jee-2023-06\eclipse\SDETWorkshop\SeleniumMavenproject\src\test\resources
2023-08-06 06:59:08,785 [Worker-260: Launching commerceSitePractise2] INFO  o.a.m.s.f.DefaultMavenResourcesFiltering - skip non existing resourceDirectory C:\Users\sunda\eclipse\jee-2023-06\eclipse\SDETWorkshop\SeleniumMavenproject\src\main\resources
2023-08-06 06:59:08,814 [Worker-260: Launching commerceSitePractise2] INFO  o.a.m.s.f.DefaultMavenResourcesFiltering - skip non existing resourceDirectory C:\Users\sunda\eclipse\jee-2023-06\eclipse\SDETWorkshop\SeleniumMavenproject\src\test\resources
2023-08-06 07:06:03,825 [Worker-262: Launching commerceSitePractise2] INFO  o.a.m.s.f.DefaultMavenResourcesFiltering - skip non existing resourceDirectory C:\Users\sunda\eclipse\jee-2023-06\eclipse\SDETWorkshop\SeleniumMavenproject\src\main\resources
2023-08-06 07:06:03,865 [Worker-262: Launching commerceSitePractise2] INFO  o.a.m.s.f.DefaultMavenResourcesFiltering - skip non existing resourceDirectory C:\Users\sunda\eclipse\jee-2023-06\eclipse\SDETWorkshop\SeleniumMavenproject\src\test\resources
2023-08-06 07:22:52,920 [Worker-267: Launching commerceSitePractise2] INFO  o.a.m.s.f.DefaultMavenResourcesFiltering - skip non existing resourceDirectory C:\Users\sunda\eclipse\jee-2023-06\eclipse\SDETWorkshop\SeleniumMavenproject\src\main\resources
2023-08-06 07:22:52,990 [Worker-267: Launching commerceSitePractise2] INFO  o.a.m.s.f.DefaultMavenResourcesFiltering - skip non existing resourceDirectory C:\Users\sunda\eclipse\jee-2023-06\eclipse\SDETWorkshop\SeleniumMavenproject\src\test\resources
2023-08-07 13:57:07,644 [Worker-4: Loading available Gradle versions] INFO  o.e.b.c.i.u.g.PublishedGradleVersions - Gradle version information cache is out-of-date. Trying to update.
2023-08-09 09:30:31,928 [Worker-1: Loading available Gradle versions] INFO  o.e.b.c.i.u.g.PublishedGradleVersions - Gradle version information cache is out-of-date. Trying to update.
2023-08-09 09:31:46,632 [Worker-20: Building] INFO  o.a.m.s.f.DefaultMavenResourcesFiltering - skip non existing resourceDirectory C:\Users\sunda\eclipse\jee-2023-06\eclipse\SDETWorkshop\SeleniumMavenproject\src\main\resources
2023-08-09 09:31:46,660 [Worker-20: Building] INFO  o.a.m.s.f.DefaultMavenResourcesFiltering - skip non existing resourceDirectory C:\Users\sunda\eclipse\jee-2023-06\eclipse\SDETWorkshop\SeleniumMavenproject\src\test\resources
2023-08-09 09:33:26,919 [Worker-15: Launching alertPractiseScripts] INFO  o.a.m.s.f.DefaultMavenResourcesFiltering - skip non existing resourceDirectory C:\Users\sunda\eclipse\jee-2023-06\eclipse\SDETWorkshop\SeleniumMavenproject\src\main\resources
2023-08-09 09:33:26,922 [Worker-15: Launching alertPractiseScripts] INFO  o.a.m.s.f.DefaultMavenResourcesFiltering - skip non existing resourceDirectory C:\Users\sunda\eclipse\jee-2023-06\eclipse\SDETWorkshop\SeleniumMavenproject\src\test\resources
2023-08-09 09:34:57,205 [Worker-20: Building] INFO  o.a.m.s.f.DefaultMavenResourcesFiltering - skip non existing resourceDirectory C:\Users\sunda\eclipse\jee-2023-06\eclipse\SDETWorkshop\SeleniumMavenproject\src\main\resources
2023-08-09 09:34:57,208 [Worker-20: Building] INFO  o.a.m.s.f.DefaultMavenResourcesFiltering - skip non existing resourceDirectory C:\Users\sunda\eclipse\jee-2023-06\eclipse\SDETWorkshop\SeleniumMavenproject\src\test\resources
2023-08-09 09:35:46,526 [Worker-20: Building] INFO  o.a.m.s.f.DefaultMavenResourcesFiltering - skip non existing resourceDirectory C:\Users\sunda\eclipse\jee-2023-06\eclipse\SDETWorkshop\SeleniumMavenproject\src\main\resources
2023-08-09 09:35:46,529 [Worker-20: Building] INFO  o.a.m.s.f.DefaultMavenResourcesFiltering - skip non existing resourceDirectory C:\Users\sunda\eclipse\jee-2023-06\eclipse\SDETWorkshop\SeleniumMavenproject\src\test\resources
2023-08-09 09:41:42,441 [Worker-3: Building] INFO  o.a.m.s.f.DefaultMavenResourcesFiltering - skip non existing resourceDirectory C:\Users\sunda\eclipse\jee-2023-06\eclipse\SDETWorkshop\SeleniumMavenproject\src\main\resources
2023-08-09 09:41:42,443 [Worker-3: Building] INFO  o.a.m.s.f.DefaultMavenResourcesFiltering - skip non existing resourceDirectory C:\Users\sunda\eclipse\jee-2023-06\eclipse\SDETWorkshop\SeleniumMavenproject\src\test\resources
2023-08-09 11:06:58,062 [Worker-23: Launching alertPractiseScripts] INFO  o.a.m.s.f.DefaultMavenResourcesFiltering - skip non existing resourceDirectory C:\Users\sunda\eclipse\jee-2023-06\eclipse\SDETWorkshop\SeleniumMavenproject\src\main\resources
2023-08-09 11:06:58,066 [Worker-23: Launching alertPractiseScripts] INFO  o.a.m.s.f.DefaultMavenResourcesFiltering - skip non existing resourceDirectory C:\Users\sunda\eclipse\jee-2023-06\eclipse\SDETWorkshop\SeleniumMavenproject\src\test\resources
2023-08-09 11:11:40,928 [Worker-27: Launching alertPractiseScripts] INFO  o.a.m.s.f.DefaultMavenResourcesFiltering - skip non existing resourceDirectory C:\Users\sunda\eclipse\jee-2023-06\eclipse\SDETWorkshop\SeleniumMavenproject\src\main\resources
2023-08-09 11:11:40,930 [Worker-27: Launching alertPractiseScripts] INFO  o.a.m.s.f.DefaultMavenResourcesFiltering - skip non existing resourceDirectory C:\Users\sunda\eclipse\jee-2023-06\eclipse\SDETWorkshop\SeleniumMavenproject\src\test\resources
2023-08-09 11:12:40,088 [Worker-29: Launching alertPractiseScripts] INFO  o.a.m.s.f.DefaultMavenResourcesFiltering - skip non existing resourceDirectory C:\Users\sunda\eclipse\jee-2023-06\eclipse\SDETWorkshop\SeleniumMavenproject\src\main\resources
2023-08-09 11:12:40,090 [Worker-29: Launching alertPractiseScripts] INFO  o.a.m.s.f.DefaultMavenResourcesFiltering - skip non existing resourceDirectory C:\Users\sunda\eclipse\jee-2023-06\eclipse\SDETWorkshop\SeleniumMavenproject\src\test\resources
2023-08-09 11:23:06,819 [Worker-27: Building] INFO  o.a.m.s.f.DefaultMavenResourcesFiltering - skip non existing resourceDirectory C:\Users\sunda\eclipse\jee-2023-06\eclipse\SDETWorkshop\SeleniumMavenproject\src\main\resources
2023-08-09 11:23:06,822 [Worker-27: Building] INFO  o.a.m.s.f.DefaultMavenResourcesFiltering - skip non existing resourceDirectory C:\Users\sunda\eclipse\jee-2023-06\eclipse\SDETWorkshop\SeleniumMavenproject\src\test\resources
2023-08-09 11:24:10,886 [Worker-33: Building] INFO  o.a.m.s.f.DefaultMavenResourcesFiltering - skip non existing resourceDirectory C:\Users\sunda\eclipse\jee-2023-06\eclipse\SDETWorkshop\SeleniumMavenproject\src\main\resources
2023-08-09 11:24:10,889 [Worker-33: Building] INFO  o.a.m.s.f.DefaultMavenResourcesFiltering - skip non existing resourceDirectory C:\Users\sunda\eclipse\jee-2023-06\eclipse\SDETWorkshop\SeleniumMavenproject\src\test\resources
2023-08-09 12:16:40,372 [Worker-39: Launching alertPractiseScripts] INFO  o.a.m.s.f.DefaultMavenResourcesFiltering - skip non existing resourceDirectory C:\Users\sunda\eclipse\jee-2023-06\eclipse\SDETWorkshop\SeleniumMavenproject\src\main\resources
2023-08-09 12:16:40,374 [Worker-39: Launching alertPractiseScripts] INFO  o.a.m.s.f.DefaultMavenResourcesFiltering - skip non existing resourceDirectory C:\Users\sunda\eclipse\jee-2023-06\eclipse\SDETWorkshop\SeleniumMavenproject\src\test\resources
2023-08-09 12:17:43,282 [Worker-39: Building] INFO  o.a.m.s.f.DefaultMavenResourcesFiltering - skip non existing resourceDirectory C:\Users\sunda\eclipse\jee-2023-06\eclipse\SDETWorkshop\SeleniumMavenproject\src\main\resources
2023-08-09 12:17:43,287 [Worker-39: Building] INFO  o.a.m.s.f.DefaultMavenResourcesFiltering - skip non existing resourceDirectory C:\Users\sunda\eclipse\jee-2023-06\eclipse\SDETWorkshop\SeleniumMavenproject\src\test\resources
2023-08-09 12:21:58,425 [Worker-39: Launching alertPractiseScripts] INFO  o.a.m.s.f.DefaultMavenResourcesFiltering - skip non existing resourceDirectory C:\Users\sunda\eclipse\jee-2023-06\eclipse\SDETWorkshop\SeleniumMavenproject\src\main\resources
2023-08-09 12:21:58,426 [Worker-39: Launching alertPractiseScripts] INFO  o.a.m.s.f.DefaultMavenResourcesFiltering - skip non existing resourceDirectory C:\Users\sunda\eclipse\jee-2023-06\eclipse\SDETWorkshop\SeleniumMavenproject\src\test\resources
2023-08-09 12:23:24,489 [Worker-39: Building] INFO  o.a.m.s.f.DefaultMavenResourcesFiltering - skip non existing resourceDirectory C:\Users\sunda\eclipse\jee-2023-06\eclipse\SDETWorkshop\SeleniumMavenproject\src\main\resources
2023-08-09 12:23:24,492 [Worker-39: Building] INFO  o.a.m.s.f.DefaultMavenResourcesFiltering - skip non existing resourceDirectory C:\Users\sunda\eclipse\jee-2023-06\eclipse\SDETWorkshop\SeleniumMavenproject\src\test\resources
2023-08-09 12:26:01,635 [Worker-39: Launching alertPractiseScripts] INFO  o.a.m.s.f.DefaultMavenResourcesFiltering - skip non existing resourceDirectory C:\Users\sunda\eclipse\jee-2023-06\eclipse\SDETWorkshop\SeleniumMavenproject\src\main\resources
2023-08-09 12:26:01,638 [Worker-39: Launching alertPractiseScripts] INFO  o.a.m.s.f.DefaultMavenResourcesFiltering - skip non existing resourceDirectory C:\Users\sunda\eclipse\jee-2023-06\eclipse\SDETWorkshop\SeleniumMavenproject\src\test\resources
2023-08-09 12:33:41,603 [Worker-41: Building] INFO  o.a.m.s.f.DefaultMavenResourcesFiltering - skip non existing resourceDirectory C:\Users\sunda\eclipse\jee-2023-06\eclipse\SDETWorkshop\SeleniumMavenproject\src\main\resources
2023-08-09 12:33:41,605 [Worker-41: Building] INFO  o.a.m.s.f.DefaultMavenResourcesFiltering - skip non existing resourceDirectory C:\Users\sunda\eclipse\jee-2023-06\eclipse\SDETWorkshop\SeleniumMavenproject\src\test\resources
2023-08-09 12:36:34,949 [Worker-27: Launching alertPractiseScripts] INFO  o.a.m.s.f.DefaultMavenResourcesFiltering - skip non existing resourceDirectory C:\Users\sunda\eclipse\jee-2023-06\eclipse\SDETWorkshop\SeleniumMavenproject\src\main\resources
2023-08-09 12:36:34,952 [Worker-27: Launching alertPractiseScripts] INFO  o.a.m.s.f.DefaultMavenResourcesFiltering - skip non existing resourceDirectory C:\Users\sunda\eclipse\jee-2023-06\eclipse\SDETWorkshop\SeleniumMavenproject\src\test\resources
2023-08-09 12:39:12,622 [Worker-47: Launching alertPractiseScripts] INFO  o.a.m.s.f.DefaultMavenResourcesFiltering - skip non existing resourceDirectory C:\Users\sunda\eclipse\jee-2023-06\eclipse\SDETWorkshop\SeleniumMavenproject\src\main\resources
2023-08-09 12:39:12,624 [Worker-47: Launching alertPractiseScripts] INFO  o.a.m.s.f.DefaultMavenResourcesFiltering - skip non existing resourceDirectory C:\Users\sunda\eclipse\jee-2023-06\eclipse\SDETWorkshop\SeleniumMavenproject\src\test\resources
2023-08-09 12:45:49,117 [Worker-49: Launching alertPractiseScripts] INFO  o.a.m.s.f.DefaultMavenResourcesFiltering - skip non existing resourceDirectory C:\Users\sunda\eclipse\jee-2023-06\eclipse\SDETWorkshop\SeleniumMavenproject\src\main\resources
2023-08-09 12:45:49,120 [Worker-49: Launching alertPractiseScripts] INFO  o.a.m.s.f.DefaultMavenResourcesFiltering - skip non existing resourceDirectory C:\Users\sunda\eclipse\jee-2023-06\eclipse\SDETWorkshop\SeleniumMavenproject\src\test\resources
2023-08-09 12:53:01,155 [Worker-53: Building] INFO  o.a.m.s.f.DefaultMavenResourcesFiltering - skip non existing resourceDirectory C:\Users\sunda\eclipse\jee-2023-06\eclipse\SDETWorkshop\SeleniumMavenproject\src\main\resources
2023-08-09 12:53:01,159 [Worker-53: Building] INFO  o.a.m.s.f.DefaultMavenResourcesFiltering - skip non existing resourceDirectory C:\Users\sunda\eclipse\jee-2023-06\eclipse\SDETWorkshop\SeleniumMavenproject\src\test\resources
2023-08-13 08:37:46,655 [Worker-7: Loading available Gradle versions] INFO  o.e.b.c.i.u.g.PublishedGradleVersions - Gradle version information cache is out-of-date. Trying to update.
2023-08-13 11:32:05,063 [Worker-31: Building] INFO  o.a.m.s.f.DefaultMavenResourcesFiltering - skip non existing resourceDirectory C:\Users\sunda\eclipse\jee-2023-06\eclipse\SDETWorkshop\SeleniumMavenproject\src\main\resources
2023-08-13 11:32:05,085 [Worker-31: Building] INFO  o.a.m.s.f.DefaultMavenResourcesFiltering - skip non existing resourceDirectory C:\Users\sunda\eclipse\jee-2023-06\eclipse\SDETWorkshop\SeleniumMavenproject\src\test\resources
2023-08-14 22:34:33,090 [Worker-3: Loading available Gradle versions] INFO  o.e.b.c.i.u.g.PublishedGradleVersions - Gradle version information cache is out-of-date. Trying to update.
2023-08-18 12:57:05,518 [Worker-169: Building] INFO  o.a.m.s.f.DefaultMavenResourcesFiltering - skip non existing resourceDirectory C:\Users\sunda\eclipse\jee-2023-06\eclipse\SDETWorkshop\SeleniumMavenproject\src\main\resources
2023-08-18 12:57:06,534 [Worker-169: Building] INFO  o.a.m.s.f.DefaultMavenResourcesFiltering - skip non existing resourceDirectory C:\Users\sunda\eclipse\jee-2023-06\eclipse\SDETWorkshop\SeleniumMavenproject\src\test\resources
